 Aproximación nro.           1
   3.5392172891770997E-003
   3.6778649909624591E-003
   2.7829174963262711E-003
 Aproximación nro.           2
   3.5574537896257150E-003
   3.6847233044392065E-003
   2.7578226824176606E-003
 Aproximación nro.           3
   3.5574681229710997E-003
   3.6847724859834434E-003
   2.7577591675280390E-003
 Aproximación nro.           4
   3.5574681233394344E-003
   3.6847724861118320E-003
   2.7577591670313157E-003
 Aproximación nro.           5
   3.5574681233394344E-003
   3.6847724861118324E-003
   2.7577591670313152E-003
 Aproximación nro.           6
   3.5574681233394344E-003
   3.6847724861118324E-003
   2.7577591670313152E-003
