 Aproximación nro.           1
 Error de incremento   1.0000000000000000     
 Error de residuo   0.16666666666666663     
 Las raíces aproximadas
  0.50000000000000000     
 -0.16666666666666666     
 Aproximación nro.           2
 Error de incremento  0.14285714285714290     
 Error de residuo    2.7777777777777679E-002
 Las raíces aproximadas
  0.58333333333333337     
 -0.19444444444444445     
 Aproximación nro.           3
 Error de incremento   2.3255813953488292E-002
 Error de residuo    4.6296296296296502E-003
 Las raíces aproximadas
  0.59722222222222221     
 -0.19907407407407407     
 Aproximación nro.           4
 Error de incremento   3.8610038610037809E-003
 Error de residuo    7.7160493827166388E-004
 Las raíces aproximadas
  0.59953703703703698     
 -0.19984567901234565     
 Aproximación nro.           5
 Error de incremento   6.4308681672040351E-004
 Error de residuo    1.2860082304522180E-004
 Las raíces aproximadas
  0.59992283950617287     
 -0.19997427983539096     
 Aproximación nro.           6
 Error de incremento   1.0716964955520788E-004
 Error de residuo    2.1433470507536967E-005
 Las raíces aproximadas
  0.59998713991769548     
 -0.19999571330589849     
 Aproximación nro.           7
 Error de incremento   1.7861289227854747E-005
 Error de residuo    3.5722450846265019E-006
 Las raíces aproximadas
  0.59999785665294925     
 -0.19999928555098309     
