 Aproximación nro.           1
 Error de incremento   1.0000000000000000     
 Error de residuo   0.60092521257733145     
 Las raíces aproximadas
  0.50000000000000000     
 -0.33333333333333331     
 Aproximación nro.           2
 Error de incremento  0.34299717028501764     
 Error de residuo   0.23570226039551573     
 Las raíces aproximadas
  0.66666666666666663     
 -0.16666666666666666     
 Aproximación nro.           3
 Error de incremento  0.16044492593231394     
 Error de residuo   0.10015420209622182     
 Las raíces aproximadas
  0.58333333333333337     
 -0.22222222222222221     
 Aproximación nro.           4
 Error de incremento   6.1256389183168877E-002
 Error de residuo    3.9283710065919408E-002
 Las raíces aproximadas
  0.61111111111111116     
 -0.19444444444444445     
 Aproximación nro.           5
 Error de incremento   2.6453545376397294E-002
 Error de residuo    1.6692367016037064E-002
 Las raíces aproximadas
  0.59722222222222221     
 -0.20370370370370372     
 Aproximación nro.           6
 Error de incremento   1.0328231013052530E-002
 Error de residuo    6.5472850109866594E-003
 Las raíces aproximadas
  0.60185185185185186     
 -0.19907407407407407     
 Aproximación nro.           7
 Error de incremento   4.4005197253008119E-003
 Error de residuo    2.7820611693396180E-003
 Las raíces aproximadas
  0.59953703703703698     
 -0.20061728395061729     
 Aproximación nro.           8
 Error de incremento   1.7246955736337267E-003
 Error de residuo    1.0912141684977633E-003
 Las raíces aproximadas
  0.60030864197530864     
 -0.19984567901234565     
 Aproximación nro.           9
 Error de incremento   7.3318462084940824E-004
 Error de residuo    4.6367686155651065E-004
 Las raíces aproximadas
  0.59992283950617287     
 -0.20010288065843621     
 Aproximación nro.          10
 Error de incremento   2.8754169264801283E-004
 Error de residuo    1.8186902808289514E-004
 Las raíces aproximadas
  0.60005144032921809     
 -0.19997427983539096     
 Aproximación nro.          11
 Error de incremento   1.2219089116068387E-004
 Error de residuo    7.7279476926069712E-005
 Las raíces aproximadas
  0.59998713991769548     
 -0.20001714677640603     
 Aproximación nro.          12
 Error de incremento   4.7926183433617906E-005
 Error de residuo    3.0311504680482523E-005
 Las raíces aproximadas
  0.60000857338820301     
 -0.19999571330589849     
 Aproximación nro.          13
 Error de incremento   2.0364966663426219E-005
 Error de residuo    1.2879912820991090E-005
 Las raíces aproximadas
  0.59999785665294925     
 -0.20000285779606766     
 Aproximación nro.          14
 Error de incremento   7.9877685743060285E-006
 Error de residuo    5.0519174467994236E-006
 Las raíces aproximadas
  0.60000142889803387     
 -0.19999928555098309     
