 Aproximación nro.           1
 Error de incremento  0.56407607481776623     
 Error de residuo    1.4907119849998600     
 Las raíces aproximadas
  0.33333333333333331     
   1.3333333333333333     
   2.3333333333333335     
 Aproximación nro.           2
 Error de incremento  0.17226024063738865     
 Error de residuo   0.49690399499995191     
 Las raíces aproximadas
 -0.11111111111111116     
   1.3333333333333333     
   2.5555555555555558     
 Aproximación nro.           3
 Error de incremento   5.4840849710708114E-002
 Error de residuo   0.16563466499998436     
 Las raíces aproximadas
 -0.18518518518518526     
   1.3333333333333333     
   2.7037037037037037     
 Aproximación nro.           4
 Error de incremento   1.8127070215472076E-002
 Error de residuo    5.5211554999995055E-002
 Las raíces aproximadas
 -0.23456790123456792     
   1.3333333333333333     
   2.7283950617283952     
 Aproximación nro.           5
 Error de incremento   6.0119673091412760E-003
 Error de residuo    1.8403851666664754E-002
 Las raíces aproximadas
 -0.24279835390946505     
   1.3333333333333333     
   2.7448559670781894     
 Aproximación nro.           6
 Error de incremento   2.0020924792772494E-003
 Error de residuo    6.1346172222208556E-003
 Las raíces aproximadas
 -0.24828532235939646     
   1.3333333333333333     
   2.7475994513031554     
 Aproximación nro.           7
 Error de incremento   6.6699097723627759E-004
 Error de residuo    2.0448724074066211E-003
 Las raíces aproximadas
 -0.24919981710105180     
   1.3333333333333333     
   2.7494284407864655     
 Aproximación nro.           8
 Error de incremento   2.2230690544579898E-004
 Error de residuo    6.8162413580180983E-004
 Las raíces aproximadas
 -0.24980948026215519     
   1.3333333333333333     
   2.7497332723670174     
 Aproximación nro.           9
 Error de incremento   7.4097697359866825E-005
 Error de residuo    2.2720804526726992E-004
 Las raíces aproximadas
 -0.24991109078900578     
   1.3333333333333333     
   2.7499364934207180     
 Aproximación nro.          10
 Error de incremento   2.4698943306967064E-005
 Error de residuo    7.5736015089619585E-005
 Las raíces aproximadas
 -0.24997883114023933     
   1.3333333333333333     
   2.7499703635963351     
 Aproximación nro.          11
 Error de incremento   8.2329242610936058E-006
 Error de residuo    2.5245338363338931E-005
 Las raíces aproximadas
 -0.24999012119877836     
   1.3333333333333333     
   2.7499929437134134     
 Aproximación nro.          12
 Error de incremento   2.7443045172287585E-006
 Error de residuo    8.4151127881106483E-006
 Las raíces aproximadas
 -0.24999764790447113     
   1.3333333333333333     
   2.7499967070662592       
