 Aproximación nro.           1
 Error de incremento  0.59445137229011036     
 Error de residuo    1.5555555555555558     
 Las raíces aproximadas
  0.33333333333333331     
   1.3333333333333333     
   2.5555555555555558     
 Aproximación nro.           2
 Error de incremento  0.17964965814237854     
 Error de residuo   0.17283950617283939     
 Las raíces aproximadas
 -0.18518518518518526     
   1.3333333333333333     
   2.7283950617283952     
 Aproximación nro.           3
 Error de incremento   1.9822549097183718E-002
 Error de residuo    1.9204389574760228E-002
 Las raíces aproximadas
 -0.24279835390946505     
   1.3333333333333333     
   2.7475994513031554     
 Aproximación nro.           4
 Error de incremento   2.2007616939441707E-003
 Error de residuo    2.1338210638619515E-003
 Las raíces aproximadas
 -0.24919981710105180     
   1.3333333333333333     
   2.7497332723670174     
 Aproximación nro.           5
 Error de incremento   2.4450750449450697E-004
 Error de residuo    2.3709122931769855E-004
 Las raíces aproximadas
 -0.24991109078900578     
   1.3333333333333333     
   2.7499703635963351     
 Aproximación nro.           6
 Error de incremento   2.7167234109739843E-005
 Error de residuo    2.6343469924139384E-005
 Las raíces aproximadas
 -0.24999012119877836     
   1.3333333333333333     
   2.7499967070662592     
 Aproximación nro.           7
 Error de incremento   3.0185782789596921E-006
 Error de residuo    2.9270522143853839E-006
 Las raíces aproximadas
 -0.24999890235541974     
   1.3333333333333333     
   2.7499996341184736     
